-encoding
UTF-8
-outxml
-source
1.6
-target
1.6
-classpath
/Volumes/H2D2/vikpek/.m2/repository/aopalliance/aopalliance/1.0/aopalliance-1.0.jar:/Volumes/H2D2/vikpek/.m2/repository/asm/asm/3.2/asm-3.2.jar:/Volumes/H2D2/vikpek/.m2/repository/cglib/cglib-nodep/2.2.2/cglib-nodep-2.2.2.jar:/Volumes/H2D2/vikpek/.m2/repository/commons-beanutils/commons-beanutils/1.8.3/commons-beanutils-1.8.3.jar:/Volumes/H2D2/vikpek/.m2/repository/commons-codec/commons-codec/1.5/commons-codec-1.5.jar:/Volumes/H2D2/vikpek/.m2/repository/commons-collections/commons-collections/3.2.1/commons-collections-3.2.1.jar:/Volumes/H2D2/vikpek/.m2/repository/commons-dbcp/commons-dbcp/1.3/commons-dbcp-1.3.jar:/Volumes/H2D2/vikpek/.m2/repository/commons-digester/commons-digester/2.1/commons-digester-2.1.jar:/Volumes/H2D2/vikpek/.m2/repository/commons-fileupload/commons-fileupload/1.2.2/commons-fileupload-1.2.2.jar:/Volumes/H2D2/vikpek/.m2/repository/commons-io/commons-io/2.1/commons-io-2.1.jar:/Volumes/H2D2/vikpek/.m2/repository/commons-lang/commons-lang/2.4/commons-lang-2.4.jar:/Volumes/H2D2/vikpek/.m2/repository/commons-pool/commons-pool/1.5.6/commons-pool-1.5.6.jar:/Volumes/H2D2/vikpek/.m2/repository/javax/el/el-api/2.2/el-api-2.2.jar:/Volumes/H2D2/vikpek/.m2/repository/javax/servlet/servlet-api/2.5/servlet-api-2.5.jar:/Volumes/H2D2/vikpek/.m2/repository/javax/servlet/jsp/jsp-api/2.1/jsp-api-2.1.jar:/Volumes/H2D2/vikpek/.m2/repository/javax/servlet/jsp/jstl/jstl-api/1.2/jstl-api-1.2.jar:/Volumes/H2D2/vikpek/.m2/repository/javax/transaction/jta/1.1/jta-1.1.jar:/Volumes/H2D2/vikpek/.m2/repository/javax/validation/validation-api/1.0.0.GA/validation-api-1.0.0.GA.jar:/Volumes/H2D2/vikpek/.m2/repository/joda-time/joda-time/1.6/joda-time-1.6.jar:/Volumes/H2D2/vikpek/.m2/repository/junit/junit/4.10/junit-4.10.jar:/Volumes/H2D2/vikpek/.m2/repository/log4j/log4j/1.2.16/log4j-1.2.16.jar:/Volumes/H2D2/vikpek/.m2/repository/net/sf/flexjson/flexjson/2.1/flexjson-2.1.jar:/Volumes/H2D2/vikpek/.m2/repository/net/sourceforge/serp/serp/1.13.1/serp-1.13.1.jar:/Volumes/H2D2/vikpek/.m2/repository/org/apache/commons/commons-lang3/3.1/commons-lang3-3.1.jar:/Volumes/H2D2/vikpek/.m2/repository/org/apache/geronimo/specs/geronimo-jpa_2.0_spec/1.1/geronimo-jpa_2.0_spec-1.1.jar:/Volumes/H2D2/vikpek/.m2/repository/org/apache/geronimo/specs/geronimo-jta_1.1_spec/1.1.1/geronimo-jta_1.1_spec-1.1.1.jar:/Volumes/H2D2/vikpek/.m2/repository/org/apache/openjpa/openjpa/2.2.0/openjpa-2.2.0.jar:/Volumes/H2D2/vikpek/.m2/repository/org/apache/tiles/tiles-api/2.2.2/tiles-api-2.2.2.jar:/Volumes/H2D2/vikpek/.m2/repository/org/apache/tiles/tiles-core/2.2.2/tiles-core-2.2.2.jar:/Volumes/H2D2/vikpek/.m2/repository/org/apache/tiles/tiles-jsp/2.2.2/tiles-jsp-2.2.2.jar:/Volumes/H2D2/vikpek/.m2/repository/org/apache/tiles/tiles-servlet/2.2.2/tiles-servlet-2.2.2.jar:/Volumes/H2D2/vikpek/.m2/repository/org/apache/tiles/tiles-template/2.2.2/tiles-template-2.2.2.jar:/Volumes/H2D2/vikpek/.m2/repository/org/aspectj/aspectjrt/1.7.0/aspectjrt-1.7.0.jar:/Volumes/H2D2/vikpek/.m2/repository/org/aspectj/aspectjweaver/1.7.0/aspectjweaver-1.7.0.jar:/Volumes/H2D2/vikpek/.m2/repository/org/glassfish/web/jstl-impl/1.2/jstl-impl-1.2.jar:/Volumes/H2D2/vikpek/.m2/repository/org/hibernate/hibernate-validator/4.3.1.Final/hibernate-validator-4.3.1.Final.jar:/Volumes/H2D2/vikpek/.m2/repository/org/jboss/logging/jboss-logging/3.1.0.CR2/jboss-logging-3.1.0.CR2.jar:/Volumes/H2D2/vikpek/.m2/repository/org/slf4j/jcl-over-slf4j/1.7.2/jcl-over-slf4j-1.7.2.jar:/Volumes/H2D2/vikpek/.m2/repository/org/slf4j/slf4j-api/1.7.2/slf4j-api-1.7.2.jar:/Volumes/H2D2/vikpek/.m2/repository/org/slf4j/slf4j-log4j12/1.7.2/slf4j-log4j12-1.7.2.jar:/Volumes/H2D2/vikpek/.m2/repository/org/springframework/spring-aop/3.2.0.RELEASE/spring-aop-3.2.0.RELEASE.jar:/Volumes/H2D2/vikpek/.m2/repository/org/springframework/spring-aspects/3.2.0.RELEASE/spring-aspects-3.2.0.RELEASE.jar:/Volumes/H2D2/vikpek/.m2/repository/org/springframework/spring-beans/3.2.0.RELEASE/spring-beans-3.2.0.RELEASE.jar:/Volumes/H2D2/vikpek/.m2/repository/org/springframework/spring-context/3.2.0.RELEASE/spring-context-3.2.0.RELEASE.jar:/Volumes/H2D2/vikpek/.m2/repository/org/springframework/spring-context-support/3.2.0.RELEASE/spring-context-support-3.2.0.RELEASE.jar:/Volumes/H2D2/vikpek/.m2/repository/org/springframework/spring-core/3.2.0.RELEASE/spring-core-3.2.0.RELEASE.jar:/Volumes/H2D2/vikpek/.m2/repository/org/springframework/spring-expression/3.2.0.RELEASE/spring-expression-3.2.0.RELEASE.jar:/Volumes/H2D2/vikpek/.m2/repository/org/springframework/spring-jdbc/3.2.0.RELEASE/spring-jdbc-3.2.0.RELEASE.jar:/Volumes/H2D2/vikpek/.m2/repository/org/springframework/spring-orm/3.2.0.RELEASE/spring-orm-3.2.0.RELEASE.jar:/Volumes/H2D2/vikpek/.m2/repository/org/springframework/spring-test/3.2.0.RELEASE/spring-test-3.2.0.RELEASE.jar:/Volumes/H2D2/vikpek/.m2/repository/org/springframework/spring-tx/3.2.0.RELEASE/spring-tx-3.2.0.RELEASE.jar:/Volumes/H2D2/vikpek/.m2/repository/org/springframework/spring-web/3.2.0.RELEASE/spring-web-3.2.0.RELEASE.jar:/Volumes/H2D2/vikpek/.m2/repository/org/springframework/spring-webmvc/3.2.0.RELEASE/spring-webmvc-3.2.0.RELEASE.jar:/Volumes/H2D2/vikpek/.m2/repository/org/springframework/roo/org.springframework.roo.annotations/1.2.3.RELEASE/org.springframework.roo.annotations-1.2.3.RELEASE.jar:/Volumes/H2D2/vikpek/.m2/repository/org/springframework/webflow/spring-js-resources/2.2.1.RELEASE/spring-js-resources-2.2.1.RELEASE.jar:/Volumes/H2D2/vikpek/.m2/repository/postgresql/postgresql/9.1-901-1.jdbc4/postgresql-9.1-901-1.jdbc4.jar:/Volumes/H2D2/vikpek/Dropbox/uibk/Master/masterarbeit/SocialWeaver/Social Weaver WS/target/classes
-aspectpath
/Volumes/H2D2/vikpek/.m2/repository/org/springframework/spring-aspects/3.2.0.RELEASE/spring-aspects-3.2.0.RELEASE.jar
-d
/Volumes/H2D2/vikpek/Dropbox/uibk/Master/masterarbeit/SocialWeaver/Social Weaver WS/target/classes
/Volumes/H2D2/vikpek/Dropbox/uibk/Master/masterarbeit/SocialWeaver/Social Weaver WS/src/main/java/at/ac/uibk/qe/sowe/SocialElement_Roo_Jpa_ActiveRecord.aj
/Volumes/H2D2/vikpek/Dropbox/uibk/Master/masterarbeit/SocialWeaver/Social Weaver WS/src/main/java/at/ac/uibk/qe/sowe/SocialElement_Roo_Jpa_Entity.aj
/Volumes/H2D2/vikpek/Dropbox/uibk/Master/masterarbeit/SocialWeaver/Social Weaver WS/src/main/java/at/ac/uibk/qe/sowe/Anchor_Roo_Configurable.aj
/Volumes/H2D2/vikpek/Dropbox/uibk/Master/masterarbeit/SocialWeaver/Social Weaver WS/src/main/java/at/ac/uibk/qe/sowe/Anchor.java
/Volumes/H2D2/vikpek/Dropbox/uibk/Master/masterarbeit/SocialWeaver/Social Weaver WS/src/main/java/at/ac/uibk/qe/sowe/controller/AnchorController_Roo_Controller_Json.aj
/Volumes/H2D2/vikpek/Dropbox/uibk/Master/masterarbeit/SocialWeaver/Social Weaver WS/src/main/java/at/ac/uibk/qe/sowe/SocialElement_Roo_ToString.aj
/Volumes/H2D2/vikpek/Dropbox/uibk/Master/masterarbeit/SocialWeaver/Social Weaver WS/src/main/java/at/ac/uibk/qe/sowe/SocialElement_Roo_JavaBean.aj
/Volumes/H2D2/vikpek/Dropbox/uibk/Master/masterarbeit/SocialWeaver/Social Weaver WS/src/main/java/at/ac/uibk/qe/sowe/SocialElement.java
/Volumes/H2D2/vikpek/Dropbox/uibk/Master/masterarbeit/SocialWeaver/Social Weaver WS/src/main/java/at/ac/uibk/qe/sowe/controller/SocialElementController_Roo_Controller.aj
/Volumes/H2D2/vikpek/Dropbox/uibk/Master/masterarbeit/SocialWeaver/Social Weaver WS/src/main/java/at/ac/uibk/qe/sowe/SocialElement_Roo_Configurable.aj
/Volumes/H2D2/vikpek/Dropbox/uibk/Master/masterarbeit/SocialWeaver/Social Weaver WS/src/main/java/at/ac/uibk/qe/sowe/SocialElement_Roo_Json.aj
/Volumes/H2D2/vikpek/Dropbox/uibk/Master/masterarbeit/SocialWeaver/Social Weaver WS/src/main/java/at/ac/uibk/qe/sowe/Anchor_Roo_Jpa_ActiveRecord.aj
/Volumes/H2D2/vikpek/Dropbox/uibk/Master/masterarbeit/SocialWeaver/Social Weaver WS/src/main/java/at/ac/uibk/qe/sowe/controller/AnchorController.java
/Volumes/H2D2/vikpek/Dropbox/uibk/Master/masterarbeit/SocialWeaver/Social Weaver WS/src/main/java/at/ac/uibk/qe/sowe/Anchor_Roo_ToString.aj
/Volumes/H2D2/vikpek/Dropbox/uibk/Master/masterarbeit/SocialWeaver/Social Weaver WS/src/main/java/at/ac/uibk/qe/sowe/controller/SocialElementController.java
/Volumes/H2D2/vikpek/Dropbox/uibk/Master/masterarbeit/SocialWeaver/Social Weaver WS/src/main/java/at/ac/uibk/qe/sowe/controller/SocialElementController_Roo_Controller_Json.aj
/Volumes/H2D2/vikpek/Dropbox/uibk/Master/masterarbeit/SocialWeaver/Social Weaver WS/src/main/java/at/ac/uibk/qe/sowe/controller/ApplicationConversionServiceFactoryBean.java
/Volumes/H2D2/vikpek/Dropbox/uibk/Master/masterarbeit/SocialWeaver/Social Weaver WS/src/main/java/at/ac/uibk/qe/sowe/Anchor_Roo_Jpa_Entity.aj
/Volumes/H2D2/vikpek/Dropbox/uibk/Master/masterarbeit/SocialWeaver/Social Weaver WS/src/main/java/at/ac/uibk/qe/sowe/Anchor_Roo_JavaBean.aj
/Volumes/H2D2/vikpek/Dropbox/uibk/Master/masterarbeit/SocialWeaver/Social Weaver WS/src/main/java/at/ac/uibk/qe/sowe/controller/ApplicationConversionServiceFactoryBean_Roo_ConversionService.aj
/Volumes/H2D2/vikpek/Dropbox/uibk/Master/masterarbeit/SocialWeaver/Social Weaver WS/src/main/java/at/ac/uibk/qe/sowe/Anchor_Roo_Json.aj
/Volumes/H2D2/vikpek/Dropbox/uibk/Master/masterarbeit/SocialWeaver/Social Weaver WS/src/main/java/at/ac/uibk/qe/sowe/controller/AnchorController_Roo_Controller.aj
