\BOOKMARK [1][-]{section.1}{Introduction}{}% 1
\BOOKMARK [1][-]{section.2}{Contribution}{}% 2
\BOOKMARK [1][-]{section.3}{Social Weaver - Conceptual Level}{}% 3
\BOOKMARK [2][-]{subsection.3.1}{The WHY-WHAT-WHO-Model}{section.3}% 4
\BOOKMARK [3][-]{subsubsection.3.1.1}{WHY Dimension}{subsection.3.1}% 5
\BOOKMARK [3][-]{subsubsection.3.1.2}{WHAT Dimension}{subsection.3.1}% 6
\BOOKMARK [3][-]{subsubsection.3.1.3}{WHO Dimension}{subsection.3.1}% 7
\BOOKMARK [2][-]{subsection.3.2}{Domain Analysis}{section.3}% 8
\BOOKMARK [2][-]{subsection.3.3}{Use Cases}{section.3}% 9
\BOOKMARK [2][-]{subsection.3.4}{What is Social Weaver}{section.3}% 10
\BOOKMARK [2][-]{subsection.3.5}{Requirements for Social Weaver}{section.3}% 11
\BOOKMARK [3][-]{subsubsection.3.5.1}{Browser Plugin}{subsection.3.5}% 12
\BOOKMARK [3][-]{subsubsection.3.5.2}{Server Application}{subsection.3.5}% 13
\BOOKMARK [3][-]{subsubsection.3.5.3}{Social Weaver - Script Support}{subsection.3.5}% 14
\BOOKMARK [1][-]{section.4}{Social Weaver - Implementation Level}{}% 15
\BOOKMARK [2][-]{subsection.4.1}{Social Weaver - Firefox Plugin}{section.4}% 16
\BOOKMARK [2][-]{subsection.4.2}{Requirements for the Plugin}{section.4}% 17
\BOOKMARK [3][-]{subsubsection.4.2.1}{Visualizing}{subsection.4.2}% 18
\BOOKMARK [3][-]{subsubsection.4.2.2}{User View Management}{subsection.4.2}% 19
\BOOKMARK [3][-]{subsubsection.4.2.3}{Communication}{subsection.4.2}% 20
\BOOKMARK [3][-]{subsubsection.4.2.4}{Creating Anchors}{subsection.4.2}% 21
\BOOKMARK [3][-]{subsubsection.4.2.5}{Uniform Sending Format}{subsection.4.2}% 22
\BOOKMARK [3][-]{subsubsection.4.2.6}{Parsing Incoming Messages}{subsection.4.2}% 23
\BOOKMARK [3][-]{subsubsection.4.2.7}{Web Element Identification}{subsection.4.2}% 24
\BOOKMARK [2][-]{subsection.4.3}{Social Weaver - Web Service}{section.4}% 25
\BOOKMARK [2][-]{subsection.4.4}{Used Technologies}{section.4}% 26
\BOOKMARK [2][-]{subsection.4.5}{Web Service Architecture}{section.4}% 27
\BOOKMARK [2][-]{subsection.4.6}{Requirements for the Web Service}{section.4}% 28
\BOOKMARK [3][-]{subsubsection.4.6.1}{Incoming Messages}{subsection.4.6}% 29
\BOOKMARK [3][-]{subsubsection.4.6.2}{User Session Synchronization}{subsection.4.6}% 30
\BOOKMARK [3][-]{subsubsection.4.6.3}{Persistence}{subsection.4.6}% 31
\BOOKMARK [3][-]{subsubsection.4.6.4}{Decoupling Web Service and Target Web View}{subsection.4.6}% 32
\BOOKMARK [3][-]{subsubsection.4.6.5}{Decoupling Web Service and Plugin}{subsection.4.6}% 33
\BOOKMARK [3][-]{subsubsection.4.6.6}{Message Parsing}{subsection.4.6}% 34
\BOOKMARK [3][-]{subsubsection.4.6.7}{Generating Messages}{subsection.4.6}% 35
\BOOKMARK [2][-]{subsection.4.7}{Social Weaver - Script Support}{section.4}% 36
\BOOKMARK [2][-]{subsection.4.8}{Requirements for the Script Support}{section.4}% 37
\BOOKMARK [3][-]{subsubsection.4.8.1}{Information Container}{subsection.4.8}% 38
\BOOKMARK [3][-]{subsubsection.4.8.2}{Decoupling}{subsection.4.8}% 39
\BOOKMARK [3][-]{subsubsection.4.8.3}{Syntax}{subsection.4.8}% 40
\BOOKMARK [3][-]{subsubsection.4.8.4}{Plugin Extension}{subsection.4.8}% 41
\BOOKMARK [3][-]{subsubsection.4.8.5}{Default Matching Procedure}{subsection.4.8}% 42
\BOOKMARK [3][-]{subsubsection.4.8.6}{Relation to URL set}{subsection.4.8}% 43
\BOOKMARK [2][-]{subsection.4.9}{Ambiguity Problem}{section.4}% 44
\BOOKMARK [3][-]{subsubsection.4.9.1}{Ambiguous Grammar}{subsection.4.9}% 45
\BOOKMARK [3][-]{subsubsection.4.9.2}{Ambiguity for Element Matching}{subsection.4.9}% 46
\BOOKMARK [3][-]{subsubsection.4.9.3}{Parameter Data Object Model Tree}{subsection.4.9}% 47
\BOOKMARK [3][-]{subsubsection.4.9.4}{Effects of Web Evolution Element Matching}{subsection.4.9}% 48
\BOOKMARK [1][-]{section.5}{Social Weaver Analysis}{}% 49
\BOOKMARK [2][-]{subsection.5.1}{Social Weaver in Action}{section.5}% 50
\BOOKMARK [3][-]{subsubsection.5.1.1}{Google Calendar}{subsection.5.1}% 51
\BOOKMARK [3][-]{subsubsection.5.1.2}{Challenges}{subsection.5.1}% 52
\BOOKMARK [3][-]{subsubsection.5.1.3}{Initial Scenario}{subsection.5.1}% 53
\BOOKMARK [3][-]{subsubsection.5.1.4}{Update Procedure}{subsection.5.1}% 54
\BOOKMARK [3][-]{subsubsection.5.1.5}{Matching Procedure}{subsection.5.1}% 55
\BOOKMARK [3][-]{subsubsection.5.1.6}{Scenario Execution}{subsection.5.1}% 56
\BOOKMARK [2][-]{subsection.5.2}{Social Weaver Assessment}{section.5}% 57
\BOOKMARK [3][-]{subsubsection.5.2.1}{Script Types}{subsection.5.2}% 58
\BOOKMARK [3][-]{subsubsection.5.2.2}{Scenario: Plain HTML}{subsection.5.2}% 59
\BOOKMARK [3][-]{subsubsection.5.2.3}{Scenario: Complex HTML}{subsection.5.2}% 60
\BOOKMARK [3][-]{subsubsection.5.2.4}{Scenario: Web 2.0}{subsection.5.2}% 61
\BOOKMARK [1][-]{section.6}{Conclusion}{}% 62
\BOOKMARK [2][-]{subsection.6.1}{Summary}{section.6}% 63
\BOOKMARK [2][-]{subsection.6.2}{Market Potential}{section.6}% 64
\BOOKMARK [2][-]{subsection.6.3}{Future Work}{section.6}% 65
\BOOKMARK [1][-]{section*.29}{Appendices}{}% 66
\BOOKMARK [1][-]{Appendix.1.A}{Use Cases}{}% 67
\BOOKMARK [2][-]{subsection.1.A.1}{Akteure}{Appendix.1.A}% 68
\BOOKMARK [2][-]{subsection.1.A.2}{Use Cases}{Appendix.1.A}% 69
\BOOKMARK [3][-]{subsubsection.1.A.2.1}{Web Element Marking}{subsection.1.A.2}% 70
\BOOKMARK [3][-]{subsubsection.1.A.2.2}{Web Element Annotating}{subsection.1.A.2}% 71
\BOOKMARK [3][-]{subsubsection.1.A.2.3}{Displaying Annotations}{subsection.1.A.2}% 72
\BOOKMARK [3][-]{subsubsection.1.A.2.4}{Client: Sending Annotations}{subsection.1.A.2}% 73
\BOOKMARK [3][-]{subsubsection.1.A.2.5}{Client: Receiving Annotations}{subsection.1.A.2}% 74
\BOOKMARK [3][-]{subsubsection.1.A.2.6}{Server: Sending Annotations}{subsection.1.A.2}% 75
\BOOKMARK [3][-]{subsubsection.1.A.2.7}{Server: Receiving Annotations}{subsection.1.A.2}% 76
