This is pdfTeX, Version 3.1415926-2.3-1.40.12 (TeX Live 2011) (format=pdflatex 2011.7.3)  19 JUL 2013 19:03
entering extended mode
 \write18 enabled.
 file:line:error style messages enabled.
 %&-line parsing enabled.
**/Volumes/H2D2/vikpek/Dropbox/uibk/Master/masterarbeit/SocialWeaver/masterarbeit-latex-src/TSWLatexianTemp_title.tex
(/Volumes/H2D2/vikpek/Dropbox/uibk/Master/masterarbeit/SocialWeaver/masterarbeit-latex-src/TSWLatexianTemp_title.tex
LaTeX2e <2009/09/24>
Babel <v3.8l> and hyphenation patterns for english, dumylang, nohyphenation, german-x-2009-06-19, ngerman-x-2009-06-19, afrikaans, ancientgreek, ibycus, arabic, armenian, basque, bulgarian, catalan, pinyin, coptic, croatian, czech, danish, dutch, ukenglish, usenglishmax, esperanto, estonian, ethiopic, farsi, finnish, french, galician, german, ngerman, swissgerman, monogreek, greek, hungarian, icelandic, assamese, bengali, gujarati, hindi, kannada, malayalam, marathi, oriya, panjabi, tamil, telugu, indonesian, interlingua, irish, italian, kurmanji, lao, latin, latvian, lithuanian, mongolian, mongolianlmc, bokmal, nynorsk, polish, portuguese, romanian, russian, sanskrit, serbian, serbianc, slovak, slovenian, spanish, swedish, turkish, turkmen, ukrainian, uppersorbian, welsh, loaded.
(/usr/local/texlive/2011/texmf-dist/tex/latex/base/article.cls
Document Class: article 2007/10/19 v1.4h Standard LaTeX document class
(/usr/local/texlive/2011/texmf-dist/tex/latex/base/size10.clo
File: size10.clo 2007/10/19 v1.4h Standard LaTeX file (size option)
)
\c@part=\count79
\c@section=\count80
\c@subsection=\count81
\c@subsubsection=\count82
\c@paragraph=\count83
\c@subparagraph=\count84
\c@figure=\count85
\c@table=\count86
\abovecaptionskip=\skip41
\belowcaptionskip=\skip42
\bibindent=\dimen102
) (/usr/local/texlive/2011/texmf-dist/tex/latex/graphics/graphicx.sty
Package: graphicx 1999/02/16 v1.0f Enhanced LaTeX Graphics (DPC,SPQR)
 (/usr/local/texlive/2011/texmf-dist/tex/latex/graphics/keyval.sty
Package: keyval 1999/03/16 v1.13 key=value parser (DPC)
\KV@toks@=\toks14
) (/usr/local/texlive/2011/texmf-dist/tex/latex/graphics/graphics.sty
Package: graphics 2009/02/05 v1.0o Standard LaTeX Graphics (DPC,SPQR)
 (/usr/local/texlive/2011/texmf-dist/tex/latex/graphics/trig.sty
Package: trig 1999/03/16 v1.09 sin cos tan (DPC)
) (/usr/local/texlive/2011/texmf-dist/tex/latex/latexconfig/graphics.cfg
File: graphics.cfg 2010/04/23 v1.9 graphics configuration of TeX Live
)
Package graphics Info: Driver file: pdftex.def on input line 91.
 (/usr/local/texlive/2011/texmf-dist/tex/latex/pdftex-def/pdftex.def
File: pdftex.def 2011/05/27 v0.06d Graphics/color for pdfTeX
 (/usr/local/texlive/2011/texmf-dist/tex/generic/oberdiek/infwarerr.sty
Package: infwarerr 2010/04/08 v1.3 Providing info/warning/message (HO)
) (/usr/local/texlive/2011/texmf-dist/tex/generic/oberdiek/ltxcmds.sty
Package: ltxcmds 2011/04/18 v1.20 LaTeX kernel commands for general use (HO)
)
\Gread@gobject=\count87
))
\Gin@req@height=\dimen103
\Gin@req@width=\dimen104
) (/usr/local/texlive/2011/texmf-dist/tex/generic/babel/babel.sty
Package: babel 2008/07/06 v3.8l The Babel package
 (/usr/local/texlive/2011/texmf-dist/tex/generic/babel/ngermanb.ldf
Language: ngermanb 2008/07/06 v2.6n new German support from the babel system
 (/usr/local/texlive/2011/texmf-dist/tex/generic/babel/babel.def
File: babel.def 2008/07/06 v3.8l Babel common definitions
\babel@savecnt=\count88
\U@D=\dimen105
)
\l@naustrian = a dialect from \language\l@ngerman 
Package babel Info: Making " an active character on input line 92.
) (/usr/local/texlive/2011/texmf-dist/tex/generic/babel/english.ldf
Language: english 2005/03/30 v3.3o English support from the babel system
\l@canadian = a dialect from \language\l@american 
\l@australian = a dialect from \language\l@british 
\l@newzealand = a dialect from \language\l@british 
)) (/usr/local/texlive/2011/texmf-dist/tex/latex/listings/listings.sty
\lst@mode=\count89
\lst@gtempboxa=\box26
\lst@token=\toks15
\lst@length=\count90
\lst@currlwidth=\dimen106
\lst@column=\count91
\lst@pos=\count92
\lst@lostspace=\dimen107
\lst@width=\dimen108
\lst@newlines=\count93
\lst@lineno=\count94
\lst@maxwidth=\dimen109
 (/usr/local/texlive/2011/texmf-dist/tex/latex/listings/lstmisc.sty
File: lstmisc.sty 2007/02/22 1.4 (Carsten Heinz)
\c@lstnumber=\count95
\lst@skipnumbers=\count96
\lst@framebox=\box27
) (/usr/local/texlive/2011/texmf-dist/tex/latex/listings/listings.cfg
File: listings.cfg 2007/02/22 1.4 listings configuration
))
Package: listings 2007/02/22 1.4 (Carsten Heinz)
 (/usr/local/texlive/2011/texmf-dist/tex/latex/fancyvrb/fancyvrb.sty
Package: fancyvrb 2008/02/07
 Style option: `fancyvrb' v2.7a, with DG/SPQR fixes, and firstline=lastline fix <2008/02/07> (tvz)
\FV@CodeLineNo=\count97
\FV@InFile=\read1
\FV@TabBox=\box28
\c@FancyVerbLine=\count98
\FV@StepNumber=\count99
\FV@OutFile=\write3
) (/usr/local/texlive/2011/texmf-dist/tex/latex/hyperref/hyperref.sty
Package: hyperref 2011/04/17 v6.82g Hypertext links for LaTeX
 (/usr/local/texlive/2011/texmf-dist/tex/generic/oberdiek/hobsub-hyperref.sty
Package: hobsub-hyperref 2011/04/23 v1.4 Bundle oberdiek, subset hyperref (HO)
 (/usr/local/texlive/2011/texmf-dist/tex/generic/oberdiek/hobsub-generic.sty
Package: hobsub-generic 2011/04/23 v1.4 Bundle oberdiek, subset generic (HO)
Package: hobsub 2011/04/23 v1.4 Subsetting bundle oberdiek (HO)
Package hobsub Info: Skipping package `infwarerr' (already loaded).
Package hobsub Info: Skipping package `ltxcmds' (already loaded).
Package: ifluatex 2010/03/01 v1.3 Provides the ifluatex switch (HO)
Package ifluatex Info: LuaTeX not detected.
Package: ifvtex 2010/03/01 v1.5 Switches for detecting VTeX and its modes (HO)
Package ifvtex Info: VTeX not detected.
Package: intcalc 2007/09/27 v1.1 Expandable integer calculations (HO)
Package: ifpdf 2011/01/30 v2.3 Provides the ifpdf switch (HO)
Package ifpdf Info: pdfTeX in PDF mode is detected.
Package: etexcmds 2011/02/16 v1.5 Prefix for e-TeX command names (HO)
Package etexcmds Info: Could not find \expanded.
(etexcmds)             That can mean that you are not using pdfTeX 1.50 or
(etexcmds)             that some package has redefined \expanded.
(etexcmds)             In the latter case, load this package earlier.
Package: kvsetkeys 2011/04/07 v1.13 Key value parser (HO)
Package: kvdefinekeys 2011/04/07 v1.3 Defining keys (HO)
Package: pdftexcmds 2011/04/22 v0.16 Utilities of pdfTeX for LuaTeX (HO)
Package pdftexcmds Info: LuaTeX not detected.
Package pdftexcmds Info: \pdf@primitive is available.
Package pdftexcmds Info: \pdf@ifprimitive is available.
Package pdftexcmds Info: \pdfdraftmode found.
Package: pdfescape 2011/04/04 v1.12 Provides string conversions (HO)
Package: bigintcalc 2011/01/30 v1.2 Expandable big integer calculations (HO)
Package: bitset 2011/01/30 v1.1 Data type bit set (HO)
Package: uniquecounter 2011/01/30 v1.2 Provides unlimited unique counter (HO)
)
Package hobsub Info: Skipping package `hobsub' (already loaded).
Package: letltxmacro 2010/09/02 v1.4 Let assignment for LaTeX macros (HO)
Package: hopatch 2011/01/30 v1.0 Wrapper for package hooks (HO)
Package: xcolor-patch 2011/01/30 xcolor patch
Package: atveryend 2011/04/23 v1.7 Hooks at very end of document (HO)
Package atveryend Info: \enddocument detected (standard).
Package: atbegshi 2011/01/30 v1.15 At begin shipout hook (HO)
Package: refcount 2010/12/01 v3.2 Data extraction from references (HO)
Package: hycolor 2011/01/30 v1.7 Color options of hyperref/bookmark (HO)
) (/usr/local/texlive/2011/texmf-dist/tex/generic/ifxetex/ifxetex.sty
Package: ifxetex 2010/09/12 v0.6 Provides ifxetex conditional
) (/usr/local/texlive/2011/texmf-dist/tex/latex/oberdiek/kvoptions.sty
Package: kvoptions 2010/12/23 v3.10 Keyval support for LaTeX options (HO)
)
\@linkdim=\dimen110
\Hy@linkcounter=\count100
\Hy@pagecounter=\count101
 (/usr/local/texlive/2011/texmf-dist/tex/latex/hyperref/pd1enc.def
File: pd1enc.def 2011/04/17 v6.82g Hyperref: PDFDocEncoding definition (HO)
)
\Hy@SavedSpaceFactor=\count102
 (/usr/local/texlive/2011/texmf-dist/tex/latex/latexconfig/hyperref.cfg
File: hyperref.cfg 2002/06/06 v1.2 hyperref configuration of TeXLive
)
Package hyperref Info: Hyper figures OFF on input line 4026.
Package hyperref Info: Link nesting OFF on input line 4031.
Package hyperref Info: Hyper index ON on input line 4034.
Package hyperref Info: Plain pages OFF on input line 4041.
Package hyperref Info: Backreferencing OFF on input line 4046.
Package hyperref Info: Implicit mode ON; LaTeX internals redefined.
Package hyperref Info: Bookmarks ON on input line 4264.
\c@Hy@tempcnt=\count103
 (/usr/local/texlive/2011/texmf-dist/tex/latex/url/url.sty
\Urlmuskip=\muskip10
Package: url 2006/04/12  ver 3.3  Verb mode for urls, etc.
)
LaTeX Info: Redefining \url on input line 4617.
\Fld@menulength=\count104
\Field@Width=\dimen111
\Fld@charsize=\dimen112
Package hyperref Info: Hyper figures OFF on input line 5701.
Package hyperref Info: Link nesting OFF on input line 5706.
Package hyperref Info: Hyper index ON on input line 5709.
Package hyperref Info: backreferencing OFF on input line 5716.
Package hyperref Info: Link coloring OFF on input line 5721.
Package hyperref Info: Link coloring with OCG OFF on input line 5726.
Package hyperref Info: PDF/A mode OFF on input line 5731.
LaTeX Info: Redefining \ref on input line 5771.
LaTeX Info: Redefining \pageref on input line 5775.
\Hy@abspage=\count105
\c@Item=\count106
\c@Hfootnote=\count107
)

Package hyperref Message: Driver (autodetected): hpdftex.

(/usr/local/texlive/2011/texmf-dist/tex/latex/hyperref/hpdftex.def
File: hpdftex.def 2011/04/17 v6.82g Hyperref driver for pdfTeX
\Fld@listcount=\count108
\c@bookmark@seq@number=\count109
 (/usr/local/texlive/2011/texmf-dist/tex/latex/oberdiek/rerunfilecheck.sty
Package: rerunfilecheck 2011/04/15 v1.7 Rerun checks for auxiliary files (HO)
Package uniquecounter Info: New unique counter `rerunfilecheck' on input line 282.
)
\Hy@SectionHShift=\skip43
) (/usr/local/texlive/2011/texmf-dist/tex/latex/tools/tabularx.sty
Package: tabularx 1999/01/07 v2.07 `tabularx' package (DPC)
 (/usr/local/texlive/2011/texmf-dist/tex/latex/tools/array.sty
Package: array 2008/09/09 v2.4c Tabular extension package (FMi)
\col@sep=\dimen113
\extrarowheight=\dimen114
\NC@list=\toks16
\extratabsurround=\skip44
\backup@length=\skip45
)
\TX@col@width=\dimen115
\TX@old@table=\dimen116
\TX@old@col=\dimen117
\TX@target=\dimen118
\TX@delta=\dimen119
\TX@cols=\count110
\TX@ftn=\toks17
) (/usr/local/texlive/2011/texmf-dist/tex/latex/tools/enumerate.sty
Package: enumerate 1999/03/05 v3.00 enumerate extensions (DPC)
\@enLab=\toks18
) (/usr/local/texlive/2011/texmf-dist/tex/latex/setspace/setspace.sty
Package: setspace 2000/12/01 6.7 Contributed and Supported LaTeX2e package

Package: `setspace' 6.7 <2000/12/01>
) (/usr/local/texlive/2011/texmf-dist/tex/latex/multirow/multirow.sty
\bigstrutjot=\dimen120
) (/Volumes/H2D2/vikpek/Library/texmf/tex/latex/floatflt/floatflt.sty
Package: floatflt 1997/07/16 v. 1.31
\c@OptionTest=\count111
\figbox=\box29
\tabbox=\box30
\pagebox=\box31
\ffigcount=\count112
\ftabcount=\count113
\fftest=\count114
\hangcount=\count115
\nosuccesstryfig=\count116
\nosuccesstrytab=\count117
\figgutter=\dimen121
\tabgutter=\dimen122
\htdone=\dimen123
\pageht=\dimen124
\startpageht=\dimen125
\tabbredd=\dimen126
\floatfltwidth=\dimen127
\fltitemwidth=\dimen128
\outputpretest=\toks19
) (/usr/local/texlive/2011/texmf-dist/tex/latex/pdfpages/pdfpages.sty
Package: pdfpages 2011/03/10 v0.4n Insert pages of external PDF documents (AM)
 (/usr/local/texlive/2011/texmf-dist/tex/latex/base/ifthen.sty
Package: ifthen 2001/05/26 v1.1c Standard LaTeX ifthen package (DPC)
) (/usr/local/texlive/2011/texmf-dist/tex/latex/tools/calc.sty
Package: calc 2007/08/22 v4.3 Infix arithmetic (KKT,FJ)
\calc@Acount=\count118
\calc@Bcount=\count119
\calc@Adimen=\dimen129
\calc@Bdimen=\dimen130
\calc@Askip=\skip46
\calc@Bskip=\skip47
LaTeX Info: Redefining \setlength on input line 76.
LaTeX Info: Redefining \addtolength on input line 77.
\calc@Ccount=\count120
\calc@Cskip=\skip48
) (/usr/local/texlive/2011/texmf-dist/tex/latex/eso-pic/eso-pic.sty
Package: eso-pic 2010/10/06 v2.0c eso-pic (RN)
 (/usr/local/texlive/2011/texmf-dist/tex/latex/xcolor/xcolor.sty
Package: xcolor 2007/01/21 v2.11 LaTeX color extensions (UK)
 (/usr/local/texlive/2011/texmf-dist/tex/latex/latexconfig/color.cfg
File: color.cfg 2007/01/18 v1.5 color configuration of teTeX/TeXLive
)
Package xcolor Info: Driver file: pdftex.def on input line 225.
Package xcolor Info: Model `cmy' substituted by `cmy0' on input line 1337.
Package xcolor Info: Model `hsb' substituted by `rgb' on input line 1341.
Package xcolor Info: Model `RGB' extended on input line 1353.
Package xcolor Info: Model `HTML' substituted by `rgb' on input line 1355.
Package xcolor Info: Model `Hsb' substituted by `hsb' on input line 1356.
Package xcolor Info: Model `tHsb' substituted by `hsb' on input line 1357.
Package xcolor Info: Model `HSB' substituted by `hsb' on input line 1358.
Package xcolor Info: Model `Gray' substituted by `gray' on input line 1359.
Package xcolor Info: Model `wave' substituted by `hsb' on input line 1360.
)) (/usr/local/texlive/2011/texmf-dist/tex/latex/pdfpages/pppdftex.def
File: pppdftex.def 2011/03/10 v0.4n Pdfpages driver for pdfTeX (AM)
)
\AM@pagebox=\box32
\AM@toc@title=\toks20
\c@AM@survey=\count121
\AM@templatesizebox=\box33
) (/usr/local/texlive/2011/texmf-dist/tex/latex/tools/xr.sty
Package: xr 1994/05/28 v5.02 eXternal References (DPC)
) (/usr/local/texlive/2011/texmf-dist/tex/latex/sidecap/sidecap.sty
Package: sidecap 2003/06/06 v1.6f SideCap Package (RN/HjG)
\SC@BOXWD=\dimen131
\SC@CAPWD=\dimen132
\SC@tempdima=\dimen133
\SC@tempdimb=\dimen134
\c@SC@C=\count122
\SC@BOX=\box34
) (/usr/local/texlive/2011/texmf-dist/tex/latex/epigraph/epigraph.sty
Package: epigraph 2009/09/02 v1.5c typesetting epigraphs
\beforeepigraphskip=\skip49
\afterepigraphskip=\skip50
\epigraphwidth=\skip51
\epigraphrule=\skip52
) (/usr/local/texlive/2011/texmf-dist/tex/latex/appendix/appendix.sty
Package: appendix 2009/09/02 v1.2b extra appendix facilities
\c@@pps=\count123
\c@@ppsavesec=\count124
\c@@ppsaveapp=\count125
) (./TSWLatexianTemp_title.aux)
\openout1 = `TSWLatexianTemp_title.aux'.

LaTeX Font Info:    Checking defaults for OML/cmm/m/it on input line 56.
LaTeX Font Info:    ... okay on input line 56.
LaTeX Font Info:    Checking defaults for T1/cmr/m/n on input line 56.
LaTeX Font Info:    ... okay on input line 56.
LaTeX Font Info:    Checking defaults for OT1/cmr/m/n on input line 56.
LaTeX Font Info:    ... okay on input line 56.
LaTeX Font Info:    Checking defaults for OMS/cmsy/m/n on input line 56.
LaTeX Font Info:    ... okay on input line 56.
LaTeX Font Info:    Checking defaults for OMX/cmex/m/n on input line 56.
LaTeX Font Info:    ... okay on input line 56.
LaTeX Font Info:    Checking defaults for U/cmr/m/n on input line 56.
LaTeX Font Info:    ... okay on input line 56.
LaTeX Font Info:    Checking defaults for PD1/pdf/m/n on input line 56.
LaTeX Font Info:    ... okay on input line 56.
 (/usr/local/texlive/2011/texmf-dist/tex/context/base/supp-pdf.mkii
[Loading MPS to PDF converter (version 2006.09.02).]
\scratchcounter=\count126
\scratchdimen=\dimen135
\scratchbox=\box35
\nofMPsegments=\count127
\nofMParguments=\count128
\everyMPshowfont=\toks21
\MPscratchCnt=\count129
\MPscratchDim=\dimen136
\MPnumerator=\count130
\makeMPintoPDFobject=\count131
\everyMPtoPDFconversion=\toks22
) (/usr/local/texlive/2011/texmf-dist/tex/latex/oberdiek/epstopdf-base.sty
Package: epstopdf-base 2010/02/09 v2.5 Base part for package epstopdf
 (/usr/local/texlive/2011/texmf-dist/tex/latex/oberdiek/grfext.sty
Package: grfext 2010/08/19 v1.1 Managing graphics extensions (HO)
)
Package grfext Info: Graphics extension search list:
(grfext)             [.png,.pdf,.jpg,.mps,.jpeg,.jbig2,.jb2,.PNG,.PDF,.JPG,.JPEG,.JBIG2,.JB2,.eps]
(grfext)             \AppendGraphicsExtensions on input line 452.
 (/usr/local/texlive/2011/texmf-dist/tex/latex/latexconfig/epstopdf-sys.cfg
File: epstopdf-sys.cfg 2010/07/13 v1.3 Configuration of (r)epstopdf for TeX Live
))
\c@lstlisting=\count132
\AtBeginShipoutBox=\box36
Package hyperref Info: Link coloring OFF on input line 56.
 (/usr/local/texlive/2011/texmf-dist/tex/latex/hyperref/nameref.sty
Package: nameref 2010/04/30 v2.40 Cross-referencing by name of section
 (/usr/local/texlive/2011/texmf-dist/tex/generic/oberdiek/gettitlestring.sty
Package: gettitlestring 2010/12/03 v1.4 Cleanup title references (HO)
)
\c@section@level=\count133
)
LaTeX Info: Redefining \ref on input line 56.
LaTeX Info: Redefining \pageref on input line 56.
LaTeX Info: Redefining \nameref on input line 56.
 (./TSWLatexianTemp_title.out) (./TSWLatexianTemp_title.out)
\@outlinefile=\write4
\openout4 = `TSWLatexianTemp_title.out'.

 (/usr/local/texlive/2011/texmf-dist/tex/latex/ms/ragged2e.sty
Package: ragged2e 2009/05/21 v2.1 ragged2e Package (MS)
 (/usr/local/texlive/2011/texmf-dist/tex/latex/ms/everysel.sty
Package: everysel 2009/05/30 v1.1 EverySelectfont Package (MS)
LaTeX Info: Redefining \selectfont on input line 117.
)
\CenteringLeftskip=\skip53
\RaggedLeftLeftskip=\skip54
\RaggedRightLeftskip=\skip55
\CenteringRightskip=\skip56
\RaggedLeftRightskip=\skip57
\RaggedRightRightskip=\skip58
\CenteringParfillskip=\skip59
\RaggedLeftParfillskip=\skip60
\RaggedRightParfillskip=\skip61
\JustifyingParfillskip=\skip62
\CenteringParindent=\skip63
\RaggedLeftParindent=\skip64
\RaggedRightParindent=\skip65
\JustifyingParindent=\skip66
) <images/sowebird+uibk.png, id=205, 481.8pt x 472.46512pt>
File: images/sowebird+uibk.png Graphic file (type png)
 <use images/sowebird+uibk.png>
Package pdftex.def Info: images/sowebird+uibk.png used on input line 62.
(pdftex.def)             Requested size: 172.5pt x 169.15732pt.
Missing character: There is no â in font cmbx12!
Missing character: There is no € in font cmbx12!
Missing character: There is no ¨ in font cmbx12!
LaTeX Font Info:    External font `cmex10' loaded for size
(Font)              <7> on input line 80.
LaTeX Font Info:    External font `cmex10' loaded for size
(Font)              <5> on input line 80.
 [1

{/usr/local/texlive/2011/texmf-var/fonts/map/pdftex/updmap/pdftex.map} <./images/sowebird+uibk.png>] (./TSWLatexianTemp_title.tocpdfTeX warning (ext4): destination with the same identifier (name{page.1}) has been already used, duplicate ignored
<to be read again> 
                   \relax 
l.42 ...cial Weaver in Action}{43}{subsection.5.1}
                                                   [1])
\tf@toc=\write5
\openout5 = `TSWLatexianTemp_title.toc'.

 [2] (./TSWLatexianTemp_title.lof)
\tf@lof=\write6
\openout6 = `TSWLatexianTemp_title.lof'.

 [3] (./TSWLatexianTemp_title.lol)
\tf@lol=\write7
\openout7 = `TSWLatexianTemp_title.lol'.

 [4] (./abstract.tex) [5] (./introduction.tex

LaTeX Warning: Reference `req-analysis' on page 6 undefined on input line 7.

) [6] (./contribution.tex
LaTeX Font Info:    Try loading font information for OMS+cmr on input line 10.
 (/usr/local/texlive/2011/texmf-dist/tex/latex/base/omscmr.fd
File: omscmr.fd 1999/05/25 v2.5h Standard LaTeX font definitions
)
LaTeX Font Info:    Font shape `OMS/cmr/m/n' in size <10> not available
(Font)              Font shape `OMS/cmsy/m/n' tried instead on input line 10.
 [7] <images/idead-social-weaving.png, id=359, 1051.7694pt x 339.1872pt>
File: images/idead-social-weaving.png Graphic file (type png)
 <use images/idead-social-weaving.png>
Package pdftex.def Info: images/idead-social-weaving.png used on input line 23.
(pdftex.def)             Requested size: 369.88582pt x 119.2866pt.

Overfull \hbox (24.88582pt too wide) in paragraph at lines 23--24
 [][] 
 []

[8 <./images/idead-social-weaving.png>]) [9] (./socialweaver-abstract.tex
LaTeX Font Info:    External font `cmex10' loaded for size
(Font)              <9> on input line 3.
LaTeX Font Info:    External font `cmex10' loaded for size
(Font)              <6> on input line 3.


LaTeX Warning: Reference `communication_protocol' on page 10 undefined on input line 9.


LaTeX Warning: Reference `sows-concrete' on page 10 undefined on input line 11.

<images/why-what-who-model.png, id=373, 556.9608pt x 409.0482pt>
File: images/why-what-who-model.png Graphic file (type png)
 <use images/why-what-who-model.png>
Package pdftex.def Info: images/why-what-who-model.png used on input line 16.
(pdftex.def)             Requested size: 369.88582pt x 271.66411pt.

Overfull \hbox (24.88582pt too wide) in paragraph at lines 16--17
 [][] 
 []


LaTeX Warning: `h' float specifier changed to `ht'.


Underfull \hbox (badness 10000) in paragraph at lines 21--24

 []


LaTeX Warning: Reference `domainAnalysis' on page 10 undefined on input line 33.


LaTeX Warning: Reference `domainAnalysis' on page 10 undefined on input line 33.


LaTeX Warning: Reference `problemdescription' on page 10 undefined on input line 33.


LaTeX Warning: Reference `problemdescription' on page 10 undefined on input line 33.

[10]

LaTeX Warning: Reference `usecases' on page 11 undefined on input line 39.


LaTeX Warning: Reference `usecases' on page 11 undefined on input line 39.

Missing character: There is no Ã in font cmr10!
Missing character: There is no ¤ in font cmr10!

Underfull \hbox (badness 10000) in paragraph at lines 45--46

 []

(./socialweaver-abstract-reqs.tex [11 <./images/why-what-who-model.png>] <images/sowe-module-overview.png, id=391, 791.5974pt x 610.9224pt>
File: images/sowe-module-overview.png Graphic file (type png)
 <use images/sowe-module-overview.png>
Package pdftex.def Info: images/sowe-module-overview.png used on input line 6.
(pdftex.def)             Requested size: 369.88582pt x 285.45563pt.

Overfull \hbox (24.88582pt too wide) in paragraph at lines 6--7
 [][] 
 []

[12 <./images/sowe-module-overview.png>] <images/sowe-prototype-use-case.png, id=401, 939.0282pt x 648.9846pt>
File: images/sowe-prototype-use-case.png Graphic file (type png)
 <use images/sowe-prototype-use-case.png>
Package pdftex.def Info: images/sowe-prototype-use-case.png used on input line 28.
(pdftex.def)             Requested size: 369.88582pt x 255.63806pt.

Overfull \hbox (24.88582pt too wide) in paragraph at lines 28--29
 [][] 
 []

[13 <./images/sowe-prototype-use-case.png>] [14] [15]
Underfull \hbox (badness 10000) in paragraph at lines 100--103

 []

[16] <images/script-usage-basic.png, id=448, 316.0608pt x 460.6008pt>
File: images/script-usage-basic.png Graphic file (type png)
 <use images/script-usage-basic.png>
Package pdftex.def Info: images/script-usage-basic.png used on input line 113.
(pdftex.def)             Requested size: 227.62204pt x 331.73071pt.
 [17 <./images/script-usage-basic.png>])) [18] (./socialweaver-concrete.tex
LaTeX Font Info:    External font `cmex10' loaded for size
(Font)              <8> on input line 7.

Underfull \hbox (badness 10000) in paragraph at lines 20--20
[][][]$\OT1/cmtt/m/n/8 https : / / addons . mozilla . org / en-[]US / developers / docs / sdk / latest / modules / sdk /
 []

<images/example-panel.png, id=480, 658.46pt x 717.68124pt>
File: images/example-panel.png Graphic file (type png)
 <use images/example-panel.png>
Package pdftex.def Info: images/example-panel.png used on input line 24.
(pdftex.def)             Requested size: 227.62204pt x 248.09308pt.
 [19]
Underfull \hbox (badness 10000) in paragraph at lines 34--34
[][][]$\OT1/cmtt/m/n/8 https : / / addons . mozilla . org / en-[]US / developers / docs / sdk / latest / modules / sdk /
 []

LaTeX Font Info:    Font shape `OT1/cmtt/bx/n' in size <8> not available
(Font)              Font shape `OT1/cmtt/m/n' tried instead on input line 39.

Underfull \hbox (badness 10000) in paragraph at lines 48--48
[][][]$\OT1/cmtt/m/n/8 https : / / addons . mozilla . org / en-[]US / developers / docs / sdk / latest / modules / sdk /
 []

[20 <./images/example-panel.png>]
Underfull \hbox (badness 10000) in paragraph at lines 53--53
[][][]$\OT1/cmtt/m/n/8 https : / / addons . mozilla . org / en-[]US / developers / docs / sdk / latest / modules / sdk /
 []

<images/example-widget.png, id=517, 202.7575pt x 177.66376pt>
File: images/example-widget.png Graphic file (type png)
 <use images/example-widget.png>
Package pdftex.def Info: images/example-widget.png used on input line 56.
(pdftex.def)             Requested size: 199.16928pt x 174.52405pt.

Underfull \hbox (badness 10000) in paragraph at lines 64--64
[][][]$\OT1/cmtt/m/n/8 https : / / addons . mozilla . org / en-[]US / developers / docs / sdk / latest / modules / sdk / self .
 []


Underfull \hbox (badness 10000) in paragraph at lines 64--64
[][][]$\OT1/cmtt/m/n/8 https : / / addons . mozilla . org / en-[]US / developers / docs / sdk / latest / dev-[]guide / guides /
 []

[21 <./images/example-widget.png>]
Underfull \hbox (badness 10000) in paragraph at lines 69--69
[][][]$\OT1/cmtt/m/n/8 https : / / addons . mozilla . org / en-[]US / developers / docs / sdk / latest / modules / sdk /
 []


Underfull \hbox (badness 10000) in paragraph at lines 74--74
[][][]$\OT1/cmtt/m/n/8 https : / / addons . mozilla . org / en-[]US / developers / docs / sdk / latest / modules / sdk /
 []

[22] [23] <images/abstract2concrete-1.png, id=587, 361.35pt x 309.7974pt>
File: images/abstract2concrete-1.png Graphic file (type png)
 <use images/abstract2concrete-1.png>
Package pdftex.def Info: images/abstract2concrete-1.png used on input line 129.
(pdftex.def)             Requested size: 284.52756pt x 243.93837pt.

Underfull \hbox (badness 10000) in paragraph at lines 141--141
[][][]$\OT1/cmtt/m/n/8 https : / / addons . mozilla . org / en-[]US / developers / docs / sdk / latest / modules /
 []


Underfull \hbox (badness 10000) in paragraph at lines 141--141
[][][]$\OT1/cmtt/m/n/8 https : / / addons . mozilla . org / en-[]US / developers / docs / sdk / latest / modules / sdk /
 []

[24] <images/annotation-rectangle-sample.png, id=619, 1284.8pt x 779.91376pt>
File: images/annotation-rectangle-sample.png Graphic file (type png)
 <use images/annotation-rectangle-sample.png>
Package pdftex.def Info: images/annotation-rectangle-sample.png used on input line 147.
(pdftex.def)             Requested size: 369.88582pt x 224.52693pt.

Overfull \hbox (24.88582pt too wide) in paragraph at lines 147--148
 [][] 
 []


Underfull \hbox (badness 10000) in paragraph at lines 152--152
[][][]$\OT1/cmtt/m/n/8 https : / / addons . mozilla . org / en-[]US / developers / docs / sdk / latest / modules / sdk /
 []

[25 <./images/abstract2concrete-1.png>] <images/annotation-rectangle-sample2.png, id=637, 1284.8pt x 780.9175pt>
File: images/annotation-rectangle-sample2.png Graphic file (type png)
 <use images/annotation-rectangle-sample2.png>
Package pdftex.def Info: images/annotation-rectangle-sample2.png used on input line 161.
(pdftex.def)             Requested size: 341.43306pt x 207.52602pt.
 [26 <./images/annotation-rectangle-sample.png>] <images/mode-logos.png, id=645, 548.7702pt x 185.493pt>
File: images/mode-logos.png Graphic file (type png)
 <use images/mode-logos.png>
Package pdftex.def Info: images/mode-logos.png used on input line 179.
(pdftex.def)             Requested size: 369.88582pt x 125.02971pt.

Overfull \hbox (24.88582pt too wide) in paragraph at lines 179--180
 [][] 
 []


LaTeX Warning: `!h' float specifier changed to `!ht'.


Underfull \hbox (badness 10000) in paragraph at lines 186--187

 []

[27 <./images/annotation-rectangle-sample2.png>]
Underfull \hbox (badness 10000) in paragraph at lines 192--193

 []


Underfull \hbox (badness 10000) in paragraph at lines 199--200

 []

[28 <./images/mode-logos.png>]

LaTeX Warning: Reference `server' on page 29 undefined on input line 207.


LaTeX Warning: Reference `server' on page 29 undefined on input line 207.


LaTeX Warning: Reference `creating_triplets' on page 29 undefined on input line 215.

[29]

LaTeX Warning: Reference `creating_triplets' on page 30 undefined on input line 247.


LaTeX Warning: Reference `creating_content' on page 30 undefined on input line 247.


LaTeX Warning: Reference `parsing_content' on page 30 undefined on input line 247.

[30] [31] <images/sowe-mvc-view-screenshot.png, id=693, 674.52pt x 679.53876pt>
File: images/sowe-mvc-view-screenshot.png Graphic file (type png)
 <use images/sowe-mvc-view-screenshot.png>
Package pdftex.def Info: images/sowe-mvc-view-screenshot.png used on input line 279.
(pdftex.def)             Requested size: 256.0748pt x 257.97856pt.
 [32 <./images/sowe-mvc-view-screenshot.png>] [33] [34] [35] [36] [37] [38] <images/ambiguous-grammar.png, id=785, 423.5022pt x 407.121pt>
File: images/ambiguous-grammar.png Graphic file (type png)
 <use images/ambiguous-grammar.png>
Package pdftex.def Info: images/ambiguous-grammar.png used on input line 470.
(pdftex.def)             Requested size: 312.9803pt x 300.87346pt.


LaTeX Warning: `!h' float specifier changed to `!ht'.

<images/dom-tree-example.png, id=788, 738.5994pt x 454.3374pt>
File: images/dom-tree-example.png Graphic file (type png)
 <use images/dom-tree-example.png>
Package pdftex.def Info: images/dom-tree-example.png used on input line 514.
(pdftex.def)             Requested size: 369.88582pt x 227.52863pt.

Overfull \hbox (24.88582pt too wide) in paragraph at lines 514--515
 [][] 
 []


LaTeX Warning: `!h' float specifier changed to `!ht'.

[39] [40 <./images/ambiguous-grammar.png>] [41 <./images/dom-tree-example.png>]
./socialweaver-concrete.tex:533: You can't use `macro parameter character #' in horizontal mode.
l.533 ...e root as current node and mark it with #
                                                  0
Sorry, but I'm not programmed to handle this case;
I'll just pretend that you didn't ask for it.
If you're in the wrong mode, you might be able to
return to the right one by typing `I}' or `I$' or `I\par'.

./socialweaver-concrete.tex:535: You can't use `macro parameter character #' in horizontal mode.
l.535 ...h an incrementing counter starting with #
                                                  0 to #n
Sorry, but I'm not programmed to handle this case;
I'll just pretend that you didn't ask for it.
If you're in the wrong mode, you might be able to
return to the right one by typing `I}' or `I$' or `I\par'.

./socialweaver-concrete.tex:535: You can't use `macro parameter character #' in horizontal mode.
l.535 ...ncrementing counter starting with #0 to #
                                                  n
Sorry, but I'm not programmed to handle this case;
I'll just pretend that you didn't ask for it.
If you're in the wrong mode, you might be able to
return to the right one by typing `I}' or `I$' or `I\par'.


Overfull \hbox (84.47043pt too wide) in paragraph at lines 542--543
[]\OT1/cmr/m/n/10 For ex-am-ple the path for []\OT1/cmtt/m/n/10 Construction \OT1/cmr/m/n/10 would become[]\OT1/cmtt/m/n/10 #0<html>, #0<body>, #0<ul>, #1<li>\OT1/cmr/m/n/10 . 
 []

<images/dom-paramaterized-tree-example.png, id=834, 738.5994pt x 454.3374pt>
File: images/dom-paramaterized-tree-example.png Graphic file (type png)
 <use images/dom-paramaterized-tree-example.png>
Package pdftex.def Info: images/dom-paramaterized-tree-example.png used on input line 545.
(pdftex.def)             Requested size: 369.88582pt x 227.52863pt.

Overfull \hbox (24.88582pt too wide) in paragraph at lines 545--546
 [][] 
 []

) [42 <./images/dom-paramaterized-tree-example.png>] (./analysis.tex [43] <images/sequence-update.png, id=858, 801.7152pt x 719.3274pt>
File: images/sequence-update.png Graphic file (type png)
 <use images/sequence-update.png>
Package pdftex.def Info: images/sequence-update.png used on input line 40.
(pdftex.def)             Requested size: 369.88582pt x 331.88246pt.

Overfull \hbox (24.88582pt too wide) in paragraph at lines 40--41
 [][] 
 []

[44 <./images/sequence-update.png>] <images/sequence-matching-process.png, id=866, 801.7152pt x 554.07pt>
File: images/sequence-matching-process.png Graphic file (type png)
 <use images/sequence-matching-process.png>
Package pdftex.def Info: images/sequence-matching-process.png used on input line 55.
(pdftex.def)             Requested size: 369.88582pt x 255.63618pt.

Overfull \hbox (24.88582pt too wide) in paragraph at lines 55--56
 [][] 
 []

[45 <./images/sequence-matching-process.png>] <images/sequence-marking-process.png, id=873, 1017.5616pt x 1116.8124pt>
File: images/sequence-marking-process.png Graphic file (type png)
 <use images/sequence-marking-process.png>
Package pdftex.def Info: images/sequence-marking-process.png used on input line 85.
(pdftex.def)             Requested size: 369.88582pt x 405.97162pt.

Overfull \hbox (24.88582pt too wide) in paragraph at lines 85--86
 [][] 
 []


LaTeX Warning: `!h' float specifier changed to `!ht'.

[46] [47 <./images/sequence-marking-process.png>] [48] [49]) [50] (./discussion.tex) [51] (./futurework.tex) (./summary.tex) [52] (./definitions.tex) [53] (./appendix.tex (./usecases.tex
Missing character: There is no Ã in font cmr10!
Missing character: There is no ¼ in font cmr10!


Package hyperref Warning: Difference (2) between bookmark levels is greater 
(hyperref)                than one, level fixed on input line 3.


Underfull \hbox (badness 10000) in paragraph at lines 11--12

 []


Underfull \hbox (badness 10000) in paragraph at lines 24--27

 []

[54]
Underfull \hbox (badness 10000) in paragraph at lines 44--47

 []


Underfull \hbox (badness 10000) in paragraph at lines 62--65

 []

[55] [56])) [57] (./TSWLatexianTemp_title.bbl
Missing character: There is no Ÿ in font cmr10!
 [58]
Missing character: There is no Š in font cmti10!
)
Package atveryend Info: Empty hook `BeforeClearDocument' on input line 144.
 [59]
Package atveryend Info: Empty hook `AfterLastShipout' on input line 144.
 (./TSWLatexianTemp_title.aux)
Package atveryend Info: Executing hook `AtVeryEndDocument' on input line 144.
Package atveryend Info: Executing hook `AtEndAfterFileList' on input line 144.
Package rerunfilecheck Info: File `TSWLatexianTemp_title.out' has not changed.
(rerunfilecheck)             Checksum: 6A3CD00D82F01C5E94345240E50CB315;4034.


LaTeX Warning: There were undefined references.

Package atveryend Info: Empty hook `AtVeryVeryEnd' on input line 144.
 ) 
Here is how much of TeX's memory you used:
 9254 strings out of 493633
 137597 string characters out of 3143378
 291498 words of memory out of 3000000
 11998 multiletter control sequences out of 15000+200000
 11040 words of font info for 39 fonts, out of 3000000 for 9000
 831 hyphenation exceptions out of 8191
 37i,8n,40p,1144b,1203s stack positions out of 5000i,500n,10000p,200000b,50000s
pdfTeX warning (dest): name{Hfootnote.26} has been referenced but does not exist, replaced by a fixed one

pdfTeX warning (dest): name{Hfootnote.25} has been referenced but does not exist, replaced by a fixed one

pdfTeX warning (dest): name{Hfootnote.24} has been referenced but does not exist, replaced by a fixed one

pdfTeX warning (dest): name{Hfootnote.23} has been referenced but does not exist, replaced by a fixed one

pdfTeX warning (dest): name{Hfootnote.22} has been referenced but does not exist, replaced by a fixed one

pdfTeX warning (dest): name{Hfootnote.21} has been referenced but does not exist, replaced by a fixed one

pdfTeX warning (dest): name{Hfootnote.20} has been referenced but does not exist, replaced by a fixed one

pdfTeX warning (dest): name{Hfootnote.19} has been referenced but does not exist, replaced by a fixed one

pdfTeX warning (dest): name{Hfootnote.18} has been referenced but does not exist, replaced by a fixed one

pdfTeX warning (dest): name{Hfootnote.17} has been referenced but does not exist, replaced by a fixed one

pdfTeX warning (dest): name{Hfootnote.16} has been referenced but does not exist, replaced by a fixed one

pdfTeX warning (dest): name{Hfootnote.15} has been referenced but does not exist, replaced by a fixed one

pdfTeX warning (dest): name{Hfootnote.14} has been referenced but does not exist, replaced by a fixed one

pdfTeX warning (dest): name{Hfootnote.13} has been referenced but does not exist, replaced by a fixed one

pdfTeX warning (dest): name{Hfootnote.12} has been referenced but does not exist, replaced by a fixed one

pdfTeX warning (dest): name{Hfootnote.11} has been referenced but does not exist, replaced by a fixed one

pdfTeX warning (dest): name{Hfootnote.10} has been referenced but does not exist, replaced by a fixed one

pdfTeX warning (dest): name{Hfootnote.9} has been referenced but does not exist, replaced by a fixed one

pdfTeX warning (dest): name{Hfootnote.8} has been referenced but does not exist, replaced by a fixed one

pdfTeX warning (dest): name{Hfootnote.7} has been referenced but does not exist, replaced by a fixed one

pdfTeX warning (dest): name{Hfootnote.6} has been referenced but does not exist, replaced by a fixed one

pdfTeX warning (dest): name{Hfootnote.5} has been referenced but does not exist, replaced by a fixed one

pdfTeX warning (dest): name{Hfootnote.4} has been referenced but does not exist, replaced by a fixed one

pdfTeX warning (dest): name{Hfootnote.3} has been referenced but does not exist, replaced by a fixed one

pdfTeX warning (dest): name{Hfootnote.2} has been referenced but does not exist, replaced by a fixed one

pdfTeX warning (dest): name{Hfootnote.1} has been referenced but does not exist, replaced by a fixed one

</usr/local/texlive/2011/texmf-dist/fonts/type1/public/amsfonts/cm/cmbx10.pfb></usr/local/texlive/2011/texmf-dist/fonts/type1/public/amsfonts/cm/cmbx12.pfb></usr/local/texlive/2011/texmf-dist/fonts/type1/public/amsfonts/cm/cmbx9.pfb></usr/local/texlive/2011/texmf-dist/fonts/type1/public/amsfonts/cm/cmcsc10.pfb></usr/local/texlive/2011/texmf-dist/fonts/type1/public/amsfonts/cm/cmmi8.pfb></usr/local/texlive/2011/texmf-dist/fonts/type1/public/amsfonts/cm/cmr10.pfb></usr/local/texlive/2011/texmf-dist/fonts/type1/public/amsfonts/cm/cmr12.pfb></usr/local/texlive/2011/texmf-dist/fonts/type1/public/amsfonts/cm/cmr6.pfb></usr/local/texlive/2011/texmf-dist/fonts/type1/public/amsfonts/cm/cmr7.pfb></usr/local/texlive/2011/texmf-dist/fonts/type1/public/amsfonts/cm/cmr8.pfb></usr/local/texlive/2011/texmf-dist/fonts/type1/public/amsfonts/cm/cmr9.pfb></usr/local/texlive/2011/texmf-dist/fonts/type1/public/amsfonts/cm/cmsy10.pfb></usr/local/texlive/2011/texmf-dist/fonts/type1/public/amsfonts/cm/cmsy8.pfb></usr/local/texlive/2011/texmf-dist/fonts/type1/public/amsfonts/cm/cmti10.pfb></usr/local/texlive/2011/texmf-dist/fonts/type1/public/amsfonts/cm/cmti12.pfb></usr/local/texlive/2011/texmf-dist/fonts/type1/public/amsfonts/cm/cmtt10.pfb></usr/local/texlive/2011/texmf-dist/fonts/type1/public/amsfonts/cm/cmtt8.pfb>
Output written on TSWLatexianTemp_title.pdf (60 pages, 3434854 bytes).
PDF statistics:
 1117 PDF objects out of 1200 (max. 8388607)
 991 compressed objects within 10 object streams
 369 named destinations out of 1000 (max. 500000)
 496 words of extra memory for PDF output out of 10000 (max. 10000000)

